<?xml version="1.0" encoding="UTF-8"?>
<testng-results ignored="0" total="3" passed="3" failed="0" skipped="0">
  <reporter-output>
  </reporter-output>
  <suite started-at="2023-05-31T11:02:24 IST" name="Default suite" finished-at="2023-05-31T11:02:26 IST" duration-ms="1216">
    <groups>
      <group name="cucumber">
        <method signature="AbstractTestNGCucumberTests.runScenario(io.cucumber.testng.PickleWrapper,io.cucumber.testng.FeatureWrapper)[pri:0, instance:runnerC.RunnerClass@4e50c791]" name="runScenario" class="io.cucumber.testng.AbstractTestNGCucumberTests"/>
      </group> <!-- cucumber -->
    </groups>
    <test started-at="2023-05-31T11:02:24 IST" name="Default test" finished-at="2023-05-31T11:02:26 IST" duration-ms="1216">
      <class name="runnerC.RunnerClass">
        <test-method is-config="true" signature="setUpClass(org.testng.ITestContext)[pri:0, instance:runnerC.RunnerClass@4e50c791]" started-at="2023-05-31T11:02:25 IST" name="setUpClass" finished-at="2023-05-31T11:02:25 IST" duration-ms="860" status="PASS">
          <params>
            <param index="0">
              <value>
                <![CDATA[org.testng.TestRunner@73393584]]>
              </value>
            </param>
          </params>
          <reporter-output>
          </reporter-output>
        </test-method> <!-- setUpClass -->
        <test-method signature="runScenario(io.cucumber.testng.PickleWrapper,io.cucumber.testng.FeatureWrapper)[pri:0, instance:runnerC.RunnerClass@4e50c791]" started-at="2023-05-31T11:02:25 IST" name="runScenario" description="Runs Cucumber Scenarios" data-provider="scenarios" finished-at="2023-05-31T11:02:26 IST" duration-ms="152" status="PASS">
          <params>
            <param index="0">
              <value>
                <![CDATA["Login in to the API"]]>
              </value>
            </param>
            <param index="1">
              <value>
                <![CDATA["Creating a Product"]]>
              </value>
            </param>
          </params>
          <reporter-output>
          </reporter-output>
        </test-method> <!-- runScenario -->
        <test-method signature="runScenario(io.cucumber.testng.PickleWrapper,io.cucumber.testng.FeatureWrapper)[pri:0, instance:runnerC.RunnerClass@4e50c791]" started-at="2023-05-31T11:02:26 IST" name="runScenario" description="Runs Cucumber Scenarios" data-provider="scenarios" finished-at="2023-05-31T11:02:26 IST" duration-ms="12" status="PASS">
          <params>
            <param index="0">
              <value>
                <![CDATA["Adding a Product into a Page"]]>
              </value>
            </param>
            <param index="1">
              <value>
                <![CDATA["Creating a Product"]]>
              </value>
            </param>
          </params>
          <reporter-output>
          </reporter-output>
        </test-method> <!-- runScenario -->
        <test-method signature="runScenario(io.cucumber.testng.PickleWrapper,io.cucumber.testng.FeatureWrapper)[pri:0, instance:runnerC.RunnerClass@4e50c791]" started-at="2023-05-31T11:02:26 IST" name="runScenario" description="Runs Cucumber Scenarios" data-provider="scenarios" finished-at="2023-05-31T11:02:26 IST" duration-ms="19" status="PASS">
          <params>
            <param index="0">
              <value>
                <![CDATA["Create the order"]]>
              </value>
            </param>
            <param index="1">
              <value>
                <![CDATA["Creating a Product"]]>
              </value>
            </param>
          </params>
          <reporter-output>
          </reporter-output>
        </test-method> <!-- runScenario -->
        <test-method is-config="true" signature="tearDownClass()[pri:0, instance:runnerC.RunnerClass@4e50c791]" started-at="2023-05-31T11:02:26 IST" name="tearDownClass" finished-at="2023-05-31T11:02:26 IST" duration-ms="88" status="PASS">
          <reporter-output>
          </reporter-output>
        </test-method> <!-- tearDownClass -->
      </class> <!-- runnerC.RunnerClass -->
    </test> <!-- Default test -->
  </suite> <!-- Default suite -->
</testng-results>
